\BOOKMARK [0][-]{chapter.1}{Introduction}{}% 1
\BOOKMARK [1][-]{subsection.1.0.1}{Ouverture dans une nouvelle fen\352tre}{chapter.1}% 2
\BOOKMARK [2][-]{subsection.1.0.2}{Fonctionnement des onglets}{subsection.1.0.1}% 3
\BOOKMARK [2][-]{subsection.1.0.3}{Onglet \215Plan structurel\216}{subsection.1.0.1}% 4
\BOOKMARK [2][-]{subsection.1.0.4}{Onglet \215Paradigme de Field\216}{subsection.1.0.1}% 5
\BOOKMARK [2][-]{subsection.1.0.5}{Onglet \215Brins\216}{subsection.1.0.1}% 6
\BOOKMARK [2][-]{subsection.1.0.6}{Onglet \215Fondamentales\216}{subsection.1.0.1}% 7
\BOOKMARK [2][-]{subsection.1.0.7}{Onglet \215Sc\350nes\216}{subsection.1.0.1}% 8
\BOOKMARK [2][-]{subsection.1.0.8}{Onglet \215Diagramme dramatique\216}{subsection.1.0.1}% 9
\BOOKMARK [2][-]{subsection.1.0.9}{Onglet \215Sc\350ne class\351es\216}{subsection.1.0.1}% 10
\BOOKMARK [2][-]{subsection.1.0.10}{Onglet \215Synopsis\216}{subsection.1.0.1}% 11
\BOOKMARK [2][-]{subsection.1.0.11}{Onglet \215Personnages\216}{subsection.1.0.1}% 12
\BOOKMARK [2][-]{subsection.1.0.12}{Onglet \215Brins\216}{subsection.1.0.1}% 13
\BOOKMARK [2][-]{subsection.1.0.13}{Onglet \215Notes\216}{subsection.1.0.1}% 14
\BOOKMARK [2][-]{subsection.1.0.14}{Onglet \215Informations\216}{subsection.1.0.1}% 15
\BOOKMARK [2][-]{subsection.1.0.15}{Onglet \215Proc\351d\351s\216}{subsection.1.0.1}% 16
\BOOKMARK [2][-]{subsection.1.0.16}{Onglet \215Questions dramatiques\216}{subsection.1.0.1}% 17
\BOOKMARK [2][-]{subsection.1.0.17}{\311l\351ments suppl\351mentaires}{subsection.1.0.1}% 18
\BOOKMARK [0][-]{chapter.2}{R\351daction d'une analyse}{}% 19
\BOOKMARK [1][-]{section.2.1}{Pr\351sentation des analyses MYE}{chapter.2}% 20
\BOOKMARK [1][-]{section.2.2}{Fichier d'introduction de l'analyse}{chapter.2}% 21
\BOOKMARK [2][-]{subsection.2.2.1}{Cr\351ation d'une nouvelle analyse}{section.2.2}% 22
\BOOKMARK [2][-]{subsection.2.2.2}{1. Collecte}{section.2.2}% 23
\BOOKMARK [2][-]{subsection.2.2.3}{2. Analyse objective de la collecte}{section.2.2}% 24
\BOOKMARK [2][-]{subsection.2.2.4}{3. Analyse subjective}{section.2.2}% 25
\BOOKMARK [2][-]{subsection.2.2.5}{4. La le\347on tir\351e du film}{section.2.2}% 26
\BOOKMARK [0][-]{chapter.3}{La collecte}{}% 27
\BOOKMARK [1][-]{section.3.1}{Fichier principal de la collecte}{chapter.3}% 28
\BOOKMARK [2][-]{subsection.3.1.1}{Utilisation du bundle TextMate de collecte}{section.3.1}% 29
\BOOKMARK [2][-]{subsection.3.1.2}{Tutoriel collecte avec TextMate}{section.3.1}% 30
\BOOKMARK [2][-]{subsection.3.1.3}{Collecte en ligne}{section.3.1}% 31
\BOOKMARK [2][-]{subsection.3.1.4}{Tutoriel vid\351o du collecteur en ligne}{section.3.1}% 32
