\BOOKMARK [0][-]{chapter.1}{Introduction}{}% 1
\BOOKMARK [1][-]{section.1.1}{Pr\351sentation}{chapter.1}% 2
\BOOKMARK [1][-]{section.1.2}{Contenu du document}{chapter.1}% 3
\BOOKMARK [0][-]{chapter.2}{Vue d'ensemble rapide}{}% 4
\BOOKMARK [0][-]{chapter.3}{Premiers pas}{}% 5
\BOOKMARK [1][-]{section.3.1}{Inscription au programme}{chapter.3}% 6
\BOOKMARK [2][-]{subsection.3.1.1}{Vous \352tes d\351j\340 inscrit}{section.3.1}% 7
\BOOKMARK [2][-]{subsection.3.1.2}{Vous n'\352tes pas encore inscrit}{section.3.1}% 8
\BOOKMARK [0][-]{chapter.4}{Le Bureau de travail}{}% 9
\BOOKMARK [0][-]{chapter.5}{Votre programme}{}% 10
\BOOKMARK [1][-]{section.5.1}{Rythme du programme}{chapter.5}% 11
\BOOKMARK [0][-]{chapter.6}{Mail quotidien}{}% 12
\BOOKMARK [1][-]{section.6.1}{\311tat des lieux de votre programme}{chapter.6}% 13
\BOOKMARK [1][-]{section.6.2}{Mail seulement si nouveau travaux}{chapter.6}% 14
\BOOKMARK [0][-]{chapter.7}{Pr\351f\351rences}{}% 15
\BOOKMARK [1][-]{section.7.1}{Navigation}{chapter.7}% 16
\BOOKMARK [2][-]{subsection.7.1.1}{R\351gler le rythme du programme }{section.7.1}% 17
\BOOKMARK [2][-]{subsection.7.1.2}{Rejoindre son bureau apr\350s connexion}{section.7.1}% 18
\BOOKMARK [0][-]{chapter.8}{Op\351rations de base}{}% 19
\BOOKMARK [1][-]{subsection.8.0.1}{Rejoindre le site}{chapter.8}% 20
\BOOKMARK [2][-]{subsection.8.0.2}{S'identifier au site}{subsection.8.0.1}% 21
\BOOKMARK [2][-]{subsection.8.0.3}{Rejoindre son bureau de travail}{subsection.8.0.1}% 22
\BOOKMARK [0][-]{chapter.9}{Foire aux questions}{}% 23
\BOOKMARK [0][-]{chapter.10}{\311l\351ments de langage}{}% 24
\BOOKMARK [1][-]{section.10.1}{Les Jours-programme}{chapter.10}% 25
