

========== CRON JOB DU 20 01 2016 - 15:00 ==========

<- lib/required.rb
### IMPOSSIBLE DE TRAITER LES AUTEURS DE UN AN UN SCRIPT EN ACTIVITÉ : /Users/philippeperret/Sites/WriterToolbox/objet/unan/lib/module/start_pday/starter_pday/mails.rb:62: syntax error, unexpected !=, expecting ';' or '\n'
    def travaux_courants? travaux_courants    != "" end
                                                ^
/Users/philippeperret/Sites/WriterToolbox/objet/unan/lib/module/start_pday/starter_pday/mails.rb:66: syntax error, unexpected '='
    def conclusion?       ; conclusion !      = ""  end
                                               ^
/Users/philippeperret/Sites/WriterToolbox/objet/unan/lib/module/start_pday/starter_pday/mails.rb:81: class definition in method body
/Users/philippeperret/Sites/WriterToolbox/objet/unan/lib/module/start_pday/starter_pday/mails.rb:107: syntax error, unexpected keyword_end, expecting end-of-input
end #/Unan
   ^
/System/Library/Frameworks/Ruby.framework/Versions/2.0/usr/lib/ruby/2.0.0/rubygems/core_ext/kernel_require.rb:55:in `require'
/System/Library/Frameworks/Ruby.framework/Versions/2.0/usr/lib/ruby/2.0.0/rubygems/core_ext/kernel_require.rb:55:in `require'
/Users/philippeperret/Sites/WriterToolbox/lib/deep/deeper/gem/superfile/lib/superfile/instance/actions.rb:70:in `block in require'
/Users/philippeperret/Sites/WriterToolbox/lib/deep/deeper/gem/superfile/lib/superfile/instance/actions.rb:70:in `each'
/Users/philippeperret/Sites/WriterToolbox/lib/deep/deeper/gem/superfile/lib/superfile/instance/actions.rb:70:in `require'
/Users/philippeperret/Sites/WriterToolbox/objet/unan/lib/required/unan/class_methods.rb:31:in `require_module'
/Users/philippeperret/Sites/WriterToolbox/CRON/lib/required/traite_users_unanunscript.rb:16:in `traite_users_unanunscript'
/Users/philippeperret/Sites/WriterToolbox/CRON/hour_cron.rb:46:in `block in <main>'
/Users/philippeperret/Sites/WriterToolbox/CRON/hour_cron.rb:22:in `chdir'
/Users/philippeperret/Sites/WriterToolbox/CRON/hour_cron.rb:22:in `<main>'
