

----------------------------------------------------------------------
==========CRON JOB DU 18 01 2016 - 09:45==========

-> lib/required.rb
<- lib/required.rb
### IMPOSSIBLE DE TRAITER LES AUTEURS DE UN AN UN SCRIPT EN ACTIVITÉ : undefined method `id' for nil:NilClass
/Users/philippeperret/Sites/WriterToolbox/objet/unan/lib/required/user/database.rb:43:in `program_database_path'
/Users/philippeperret/Sites/WriterToolbox/objet/unan/lib/required/user/database.rb:49:in `get_table'
/Users/philippeperret/Sites/WriterToolbox/objet/unan/lib/required/user/database.rb:24:in `table_pdays'
/Users/philippeperret/Sites/WriterToolbox/objet/unan/lib/required/program/database.rb:17:in `table_pdays'
/Users/philippeperret/Sites/WriterToolbox/objet/unan/lib/required/p_day/inst.rb:88:in `table'
/Users/philippeperret/Sites/WriterToolbox/objet/unan/lib/required/p_day/inst.rb:56:in `new?'
/Users/philippeperret/Sites/WriterToolbox/objet/unan/lib/required/p_day/inst.rb:51:in `save'
/Users/philippeperret/Sites/WriterToolbox/objet/unan/lib/module/start_pday/start_next_pday.rb:84:in `start_pday'
/Users/philippeperret/Sites/WriterToolbox/objet/unan/lib/module/start_pday/start_next_pday.rb:8:in `start_next_pday'
/Users/philippeperret/Sites/WriterToolbox/objet/unan/lib/module/start_pday/test_if_next_pday.rb:30:in `test_if_next_pday'
/Users/philippeperret/Sites/WriterToolbox/CRON/lib/required/User.rb:33:in `block in traite_users_unanunscript'
/Users/philippeperret/Sites/WriterToolbox/CRON/lib/required/User.rb:19:in `each'
/Users/philippeperret/Sites/WriterToolbox/CRON/lib/required/User.rb:19:in `traite_users_unanunscript'
/Users/philippeperret/Sites/WriterToolbox/CRON/hour_cron.rb:62:in `block in <main>'
/Users/philippeperret/Sites/WriterToolbox/CRON/hour_cron.rb:38:in `chdir'
/Users/philippeperret/Sites/WriterToolbox/CRON/hour_cron.rb:38:in `<main>'
