\BOOKMARK [0][-]{chapter.1}{Introduction}{}% 1
\BOOKMARK [1][-]{section.1.1}{Rapide aper\347u du programme}{chapter.1}% 2
\BOOKMARK [0][-]{chapter.2}{Votre programme}{}% 3
\BOOKMARK [1][-]{section.2.1}{Introduction}{chapter.2}% 4
\BOOKMARK [1][-]{section.2.2}{Pr\351sentation du programme}{chapter.2}% 5
\BOOKMARK [1][-]{section.2.3}{Premiers pas dans le programme}{chapter.2}% 6
\BOOKMARK [2][-]{subsection.2.3.1}{Inscription au programme}{section.2.3}% 7
\BOOKMARK [2][-]{subsection.2.3.2}{Proc\351dure d'inscription rapide au programme}{section.2.3}% 8
\BOOKMARK [2][-]{subsection.2.3.3}{Proc\351dure d'inscription compl\350te au programme}{section.2.3}% 9
\BOOKMARK [2][-]{subsection.2.3.4}{Apr\350s l'inscription}{section.2.3}% 10
\BOOKMARK [2][-]{subsection.2.3.5}{Poursuivre le premier jour}{section.2.3}% 11
\BOOKMARK [2][-]{subsection.2.3.6}{R\351glage de votre rythme}{section.2.3}% 12
\BOOKMARK [1][-]{section.2.4}{Rythme de travail}{chapter.2}% 13
\BOOKMARK [1][-]{section.2.5}{Mail quotidien}{chapter.2}% 14
\BOOKMARK [2][-]{subsection.2.5.1}{\311tat des lieux de votre programme}{section.2.5}% 15
\BOOKMARK [2][-]{subsection.2.5.2}{Mail seulement si nouveaux travaux}{section.2.5}% 16
\BOOKMARK [1][-]{section.2.6}{Introduction}{chapter.2}% 17
\BOOKMARK [0][-]{chapter.3}{Pr\351f\351rences}{}% 18
\BOOKMARK [1][-]{section.3.1}{R\351glage de vos pr\351f\351rences}{chapter.3}% 19
\BOOKMARK [2][-]{subsection.3.1.1}{R\351gler le rythme du programme}{section.3.1}% 20
\BOOKMARK [2][-]{subsection.3.1.2}{Rejoindre son bureau apr\350s connexion}{section.3.1}% 21
\BOOKMARK [0][-]{chapter.4}{\311l\351ments de langage}{}% 22
\BOOKMARK [1][-]{section.4.1}{Introduction}{chapter.4}% 23
\BOOKMARK [1][-]{section.4.2}{Jour-programme}{chapter.4}% 24
\BOOKMARK [0][-]{chapter.5}{Annexes}{}% 25
\BOOKMARK [1][-]{section.5.1}{Foire aux questions}{chapter.5}% 26
\BOOKMARK [1][-]{section.5.2}{Op\351rations courantes}{chapter.5}% 27
\BOOKMARK [2][-]{subsection.5.2.1}{Rejoindre le site}{section.5.2}% 28
\BOOKMARK [2][-]{subsection.5.2.2}{S'identifier au site}{section.5.2}% 29
\BOOKMARK [2][-]{subsection.5.2.3}{Rejoindre son bureau de travail}{section.5.2}% 30
